Started GET "/" for 172.19.0.1 at 2022-11-30 12:55:32 +0000
Cannot render console from 172.19.0.1! Allowed networks: 127.0.0.0/127.255.255.255, ::1
  [1m[35m (14.3ms)[0m  [1m[34mSELECT sqlite_version(*)[0m
  [1m[35m (19.1ms)[0m  [1m[35mCREATE TABLE "schema_migrations" ("version" varchar NOT NULL PRIMARY KEY)[0m
  [1m[35m (85.0ms)[0m  [1m[35mCREATE TABLE "ar_internal_metadata" ("key" varchar NOT NULL PRIMARY KEY, "value" varchar, "created_at" datetime(6) NOT NULL, "updated_at" datetime(6) NOT NULL)[0m
  [1m[35m (2.5ms)[0m  [1m[34mSELECT "schema_migrations"."version" FROM "schema_migrations" ORDER BY "schema_migrations"."version" ASC[0m
  
ActiveRecord::PendingMigrationError (

Migrations are pending. To resolve this issue, run:

        bin/rails db:migrate RAILS_ENV=development

You have 4 pending migrations:

20211020103118_create_departments.rb
20211020103151_create_offices.rb
20211020103241_create_employees.rb
20211020112406_create_profiles.rb


):
  
activerecord (6.1.4.1) lib/active_record/migration.rb:625:in `check_pending!'
activerecord (6.1.4.1) lib/active_record/migration.rb:590:in `block (2 levels) in call'
activesupport (6.1.4.1) lib/active_support/evented_file_update_checker.rb:59:in `execute'
activerecord (6.1.4.1) lib/active_record/migration.rb:595:in `block in call'
activerecord (6.1.4.1) lib/active_record/migration.rb:587:in `synchronize'
activerecord (6.1.4.1) lib/active_record/migration.rb:587:in `call'
actionpack (6.1.4.1) lib/action_dispatch/middleware/callbacks.rb:27:in `block in call'
activesupport (6.1.4.1) lib/active_support/callbacks.rb:98:in `run_callbacks'
actionpack (6.1.4.1) lib/action_dispatch/middleware/callbacks.rb:26:in `call'
actionpack (6.1.4.1) lib/action_dispatch/middleware/executor.rb:14:in `call'
actionpack (6.1.4.1) lib/action_dispatch/middleware/actionable_exceptions.rb:18:in `call'
actionpack (6.1.4.1) lib/action_dispatch/middleware/debug_exceptions.rb:29:in `call'
web-console (4.1.0) lib/web_console/middleware.rb:132:in `call_app'
web-console (4.1.0) lib/web_console/middleware.rb:19:in `block in call'
web-console (4.1.0) lib/web_console/middleware.rb:17:in `catch'
web-console (4.1.0) lib/web_console/middleware.rb:17:in `call'
actionpack (6.1.4.1) lib/action_dispatch/middleware/show_exceptions.rb:33:in `call'
railties (6.1.4.1) lib/rails/rack/logger.rb:37:in `call_app'
railties (6.1.4.1) lib/rails/rack/logger.rb:26:in `block in call'
activesupport (6.1.4.1) lib/active_support/tagged_logging.rb:99:in `block in tagged'
activesupport (6.1.4.1) lib/active_support/tagged_logging.rb:37:in `tagged'
activesupport (6.1.4.1) lib/active_support/tagged_logging.rb:99:in `tagged'
railties (6.1.4.1) lib/rails/rack/logger.rb:26:in `call'
sprockets-rails (3.2.2) lib/sprockets/rails/quiet_assets.rb:13:in `call'
actionpack (6.1.4.1) lib/action_dispatch/middleware/remote_ip.rb:81:in `call'
actionpack (6.1.4.1) lib/action_dispatch/middleware/request_id.rb:26:in `call'
rack (2.2.3) lib/rack/method_override.rb:24:in `call'
rack (2.2.3) lib/rack/runtime.rb:22:in `call'
activesupport (6.1.4.1) lib/active_support/cache/strategy/local_cache_middleware.rb:29:in `call'
actionpack (6.1.4.1) lib/action_dispatch/middleware/executor.rb:14:in `call'
actionpack (6.1.4.1) lib/action_dispatch/middleware/static.rb:24:in `call'
rack (2.2.3) lib/rack/sendfile.rb:110:in `call'
actionpack (6.1.4.1) lib/action_dispatch/middleware/host_authorization.rb:98:in `call'
rack-mini-profiler (2.3.3) lib/mini_profiler/profiler.rb:393:in `call'
webpacker (5.4.3) lib/webpacker/dev_server_proxy.rb:25:in `perform_request'
rack-proxy (0.7.0) lib/rack/proxy.rb:63:in `call'
railties (6.1.4.1) lib/rails/engine.rb:539:in `call'
puma (5.5.2) lib/puma/configuration.rb:249:in `call'
puma (5.5.2) lib/puma/request.rb:77:in `block in handle_request'
puma (5.5.2) lib/puma/thread_pool.rb:340:in `with_force_shutdown'
puma (5.5.2) lib/puma/request.rb:76:in `handle_request'
puma (5.5.2) lib/puma/server.rb:447:in `process_client'
puma (5.5.2) lib/puma/thread_pool.rb:147:in `block in spawn_thread'
  [1m[35m (3.3ms)[0m  [1m[34mSELECT sqlite_version(*)[0m
  [1m[35m (1.6ms)[0m  [1m[34mSELECT "schema_migrations"."version" FROM "schema_migrations" ORDER BY "schema_migrations"."version" ASC[0m
Migrating to CreateDepartments (20211020103118)
  [1m[36mTRANSACTION (0.1ms)[0m  [1m[36mbegin transaction[0m
  [1m[35m (12.4ms)[0m  [1m[35mCREATE TABLE "departments" ("id" integer PRIMARY KEY AUTOINCREMENT NOT NULL, "name" varchar NOT NULL, "deleted_at" datetime DEFAULT NULL, "created_at" datetime(6) NOT NULL, "updated_at" datetime(6) NOT NULL)[0m
  [1m[36mActiveRecord::SchemaMigration Create (8.4ms)[0m  [1m[32mINSERT INTO "schema_migrations" ("version") VALUES (?)[0m  [["version", "20211020103118"]]
  [1m[36mTRANSACTION (12.9ms)[0m  [1m[36mcommit transaction[0m
Migrating to CreateOffices (20211020103151)
  [1m[36mTRANSACTION (0.1ms)[0m  [1m[36mbegin transaction[0m
  [1m[35m (19.7ms)[0m  [1m[35mCREATE TABLE "offices" ("id" integer PRIMARY KEY AUTOINCREMENT NOT NULL, "name" varchar NOT NULL, "deleted_at" datetime DEFAULT NULL, "created_at" datetime(6) NOT NULL, "updated_at" datetime(6) NOT NULL)[0m
  [1m[36mActiveRecord::SchemaMigration Create (10.6ms)[0m  [1m[32mINSERT INTO "schema_migrations" ("version") VALUES (?)[0m  [["version", "20211020103151"]]
  [1m[36mTRANSACTION (11.1ms)[0m  [1m[36mcommit transaction[0m
Migrating to CreateEmployees (20211020103241)
  [1m[36mTRANSACTION (0.1ms)[0m  [1m[36mbegin transaction[0m
  [1m[35m (14.2ms)[0m  [1m[35mCREATE TABLE "employees" ("id" integer PRIMARY KEY AUTOINCREMENT NOT NULL, "department_id" integer NOT NULL, "office_id" integer NOT NULL, "number" varchar NOT NULL, "last_name" varchar NOT NULL, "first_name" varchar NOT NULL, "account" varchar NOT NULL, "password" varchar NOT NULL, "email" varchar NOT NULL, "date_of_joining" date NOT NULL, "employee_info_manage_auth" boolean DEFAULT 0 NOT NULL, "deleted_at" datetime DEFAULT NULL, "created_at" datetime(6) NOT NULL, "updated_at" datetime(6) NOT NULL)[0m
  [1m[35m (0.1ms)[0m  [1m[35mCREATE INDEX "index_employees_on_department_id" ON "employees" ("department_id")[0m
  [1m[35m (0.1ms)[0m  [1m[35mCREATE INDEX "index_employees_on_office_id" ON "employees" ("office_id")[0m
  [1m[35m (0.0ms)[0m  [1m[35mPRAGMA foreign_keys[0m
  [1m[35m (0.0ms)[0m  [1m[35mPRAGMA defer_foreign_keys[0m
  [1m[35m (0.0ms)[0m  [1m[35mPRAGMA defer_foreign_keys = ON[0m
  [1m[35m (0.2ms)[0m  [1m[35mPRAGMA foreign_keys = OFF[0m
  [1m[35m (0.1ms)[0m  [1m[35mCREATE TEMPORARY TABLE "aemployees" ("id" integer NOT NULL PRIMARY KEY, "department_id" integer NOT NULL, "office_id" integer NOT NULL, "number" varchar NOT NULL, "last_name" varchar NOT NULL, "first_name" varchar NOT NULL, "account" varchar NOT NULL, "password" varchar NOT NULL, "email" varchar NOT NULL, "date_of_joining" date NOT NULL, "employee_info_manage_auth" boolean DEFAULT 0 NOT NULL, "deleted_at" datetime DEFAULT NULL, "created_at" datetime(6) NOT NULL, "updated_at" datetime(6) NOT NULL)[0m
  [1m[35m (0.1ms)[0m  [1m[35mCREATE INDEX "tindex_aemployees_on_office_id" ON "aemployees" ("office_id")[0m
  [1m[35m (0.1ms)[0m  [1m[35mCREATE INDEX "tindex_aemployees_on_department_id" ON "aemployees" ("department_id")[0m
  [1m[35m (0.1ms)[0m  [1m[32mINSERT INTO "aemployees" ("id","department_id","office_id","number","last_name","first_name","account","password","email","date_of_joining","employee_info_manage_auth","deleted_at","created_at","updated_at")
                     SELECT "id","department_id","office_id","number","last_name","first_name","account","password","email","date_of_joining","employee_info_manage_auth","deleted_at","created_at","updated_at" FROM "employees"[0m
  [1m[35m (0.3ms)[0m  [1m[35mDROP TABLE "employees"[0m
  [1m[35m (0.1ms)[0m  [1m[35mCREATE TABLE "employees" ("id" integer NOT NULL PRIMARY KEY, "department_id" integer NOT NULL, "office_id" integer NOT NULL, "number" varchar NOT NULL, "last_name" varchar NOT NULL, "first_name" varchar NOT NULL, "account" varchar NOT NULL, "password" varchar NOT NULL, "email" varchar NOT NULL, "date_of_joining" date NOT NULL, "employee_info_manage_auth" boolean DEFAULT 0 NOT NULL, "deleted_at" datetime DEFAULT NULL, "created_at" datetime(6) NOT NULL, "updated_at" datetime(6) NOT NULL, CONSTRAINT "fk_rails_0025f65a97"
FOREIGN KEY ("department_id")
  REFERENCES "departments" ("id")
)[0m
  [1m[35m (0.1ms)[0m  [1m[35mCREATE INDEX "index_employees_on_department_id" ON "employees" ("department_id")[0m
  [1m[35m (0.1ms)[0m  [1m[35mCREATE INDEX "index_employees_on_office_id" ON "employees" ("office_id")[0m
  [1m[35m (0.1ms)[0m  [1m[32mINSERT INTO "employees" ("id","department_id","office_id","number","last_name","first_name","account","password","email","date_of_joining","employee_info_manage_auth","deleted_at","created_at","updated_at")
                     SELECT "id","department_id","office_id","number","last_name","first_name","account","password","email","date_of_joining","employee_info_manage_auth","deleted_at","created_at","updated_at" FROM "aemployees"[0m
  [1m[35m (0.1ms)[0m  [1m[35mDROP TABLE "aemployees"[0m
  [1m[35m (0.0ms)[0m  [1m[35mPRAGMA defer_foreign_keys = 0[0m
  [1m[35m (0.0ms)[0m  [1m[35mPRAGMA foreign_keys = 1[0m
  [1m[35m (0.0ms)[0m  [1m[35mPRAGMA foreign_keys[0m
  [1m[35m (0.0ms)[0m  [1m[35mPRAGMA defer_foreign_keys[0m
  [1m[35m (0.0ms)[0m  [1m[35mPRAGMA defer_foreign_keys = ON[0m
  [1m[35m (0.0ms)[0m  [1m[35mPRAGMA foreign_keys = OFF[0m
  [1m[35m (0.1ms)[0m  [1m[35mCREATE TEMPORARY TABLE "aemployees" ("id" integer NOT NULL PRIMARY KEY, "department_id" integer NOT NULL, "office_id" integer NOT NULL, "number" varchar NOT NULL, "last_name" varchar NOT NULL, "first_name" varchar NOT NULL, "account" varchar NOT NULL, "password" varchar NOT NULL, "email" varchar NOT NULL, "date_of_joining" date NOT NULL, "employee_info_manage_auth" boolean DEFAULT 0 NOT NULL, "deleted_at" datetime DEFAULT NULL, "created_at" datetime(6) NOT NULL, "updated_at" datetime(6) NOT NULL)[0m
  [1m[35m (0.1ms)[0m  [1m[35mCREATE INDEX "tindex_aemployees_on_office_id" ON "aemployees" ("office_id")[0m
  [1m[35m (0.1ms)[0m  [1m[35mCREATE INDEX "tindex_aemployees_on_department_id" ON "aemployees" ("department_id")[0m
  [1m[35m (0.1ms)[0m  [1m[32mINSERT INTO "aemployees" ("id","department_id","office_id","number","last_name","first_name","account","password","email","date_of_joining","employee_info_manage_auth","deleted_at","created_at","updated_at")
                     SELECT "id","department_id","office_id","number","last_name","first_name","account","password","email","date_of_joining","employee_info_manage_auth","deleted_at","created_at","updated_at" FROM "employees"[0m
  [1m[35m (0.1ms)[0m  [1m[35mDROP TABLE "employees"[0m
  [1m[35m (0.1ms)[0m  [1m[35mCREATE TABLE "employees" ("id" integer NOT NULL PRIMARY KEY, "department_id" integer NOT NULL, "office_id" integer NOT NULL, "number" varchar NOT NULL, "last_name" varchar NOT NULL, "first_name" varchar NOT NULL, "account" varchar NOT NULL, "password" varchar NOT NULL, "email" varchar NOT NULL, "date_of_joining" date NOT NULL, "employee_info_manage_auth" boolean DEFAULT 0 NOT NULL, "deleted_at" datetime DEFAULT NULL, "created_at" datetime(6) NOT NULL, "updated_at" datetime(6) NOT NULL, CONSTRAINT "fk_rails_0025f65a97"
FOREIGN KEY ("department_id")
  REFERENCES "departments" ("id")
, CONSTRAINT "fk_rails_e87ac712d3"
FOREIGN KEY ("office_id")
  REFERENCES "offices" ("id")
)[0m
  [1m[35m (0.1ms)[0m  [1m[35mCREATE INDEX "index_employees_on_department_id" ON "employees" ("department_id")[0m
  [1m[35m (0.1ms)[0m  [1m[35mCREATE INDEX "index_employees_on_office_id" ON "employees" ("office_id")[0m
  [1m[35m (0.1ms)[0m  [1m[32mINSERT INTO "employees" ("id","department_id","office_id","number","last_name","first_name","account","password","email","date_of_joining","employee_info_manage_auth","deleted_at","created_at","updated_at")
                     SELECT "id","department_id","office_id","number","last_name","first_name","account","password","email","date_of_joining","employee_info_manage_auth","deleted_at","created_at","updated_at" FROM "aemployees"[0m
  [1m[35m (0.1ms)[0m  [1m[35mDROP TABLE "aemployees"[0m
  [1m[35m (0.1ms)[0m  [1m[35mPRAGMA defer_foreign_keys = 0[0m
  [1m[35m (0.0ms)[0m  [1m[35mPRAGMA foreign_keys = 1[0m
  [1m[36mActiveRecord::SchemaMigration Create (7.4ms)[0m  [1m[32mINSERT INTO "schema_migrations" ("version") VALUES (?)[0m  [["version", "20211020103241"]]
  [1m[36mTRANSACTION (10.0ms)[0m  [1m[36mcommit transaction[0m
Migrating to CreateProfiles (20211020112406)
  [1m[36mTRANSACTION (0.1ms)[0m  [1m[36mbegin transaction[0m
  [1m[35m (13.4ms)[0m  [1m[35mCREATE TABLE "profiles" ("id" integer PRIMARY KEY AUTOINCREMENT NOT NULL, "employee_id" integer NOT NULL, "profile" text NOT NULL, "deleted_at" datetime DEFAULT NULL, "created_at" datetime(6) NOT NULL, "updated_at" datetime(6) NOT NULL)[0m
  [1m[35m (0.1ms)[0m  [1m[35mCREATE INDEX "index_profiles_on_employee_id" ON "profiles" ("employee_id")[0m
  [1m[35m (0.0ms)[0m  [1m[35mPRAGMA foreign_keys[0m
  [1m[35m (0.1ms)[0m  [1m[35mPRAGMA defer_foreign_keys[0m
  [1m[35m (0.0ms)[0m  [1m[35mPRAGMA defer_foreign_keys = ON[0m
  [1m[35m (0.0ms)[0m  [1m[35mPRAGMA foreign_keys = OFF[0m
  [1m[35m (0.1ms)[0m  [1m[35mCREATE TEMPORARY TABLE "aprofiles" ("id" integer NOT NULL PRIMARY KEY, "employee_id" integer NOT NULL, "profile" text NOT NULL, "deleted_at" datetime DEFAULT NULL, "created_at" datetime(6) NOT NULL, "updated_at" datetime(6) NOT NULL)[0m
  [1m[35m (0.1ms)[0m  [1m[35mCREATE INDEX "tindex_aprofiles_on_employee_id" ON "aprofiles" ("employee_id")[0m
  [1m[35m (0.0ms)[0m  [1m[32mINSERT INTO "aprofiles" ("id","employee_id","profile","deleted_at","created_at","updated_at")
                     SELECT "id","employee_id","profile","deleted_at","created_at","updated_at" FROM "profiles"[0m
  [1m[35m (0.1ms)[0m  [1m[35mDROP TABLE "profiles"[0m
  [1m[35m (0.1ms)[0m  [1m[35mCREATE TABLE "profiles" ("id" integer NOT NULL PRIMARY KEY, "employee_id" integer NOT NULL, "profile" text NOT NULL, "deleted_at" datetime DEFAULT NULL, "created_at" datetime(6) NOT NULL, "updated_at" datetime(6) NOT NULL, CONSTRAINT "fk_rails_3b84e63c66"
FOREIGN KEY ("employee_id")
  REFERENCES "employees" ("id")
)[0m
  [1m[35m (0.1ms)[0m  [1m[35mCREATE INDEX "index_profiles_on_employee_id" ON "profiles" ("employee_id")[0m
  [1m[35m (0.0ms)[0m  [1m[32mINSERT INTO "profiles" ("id","employee_id","profile","deleted_at","created_at","updated_at")
                     SELECT "id","employee_id","profile","deleted_at","created_at","updated_at" FROM "aprofiles"[0m
  [1m[35m (0.1ms)[0m  [1m[35mDROP TABLE "aprofiles"[0m
  [1m[35m (0.0ms)[0m  [1m[35mPRAGMA defer_foreign_keys = 0[0m
  [1m[35m (0.0ms)[0m  [1m[35mPRAGMA foreign_keys = 1[0m
  [1m[36mActiveRecord::SchemaMigration Create (9.3ms)[0m  [1m[32mINSERT INTO "schema_migrations" ("version") VALUES (?)[0m  [["version", "20211020112406"]]
  [1m[36mTRANSACTION (8.6ms)[0m  [1m[36mcommit transaction[0m
  [1m[36mActiveRecord::InternalMetadata Load (5.2ms)[0m  [1m[34mSELECT "ar_internal_metadata".* FROM "ar_internal_metadata" WHERE "ar_internal_metadata"."key" = ? LIMIT ?[0m  [["key", "environment"], ["LIMIT", 1]]
  [1m[36mTRANSACTION (0.1ms)[0m  [1m[36mbegin transaction[0m
  [1m[36mActiveRecord::InternalMetadata Create (16.7ms)[0m  [1m[32mINSERT INTO "ar_internal_metadata" ("key", "value", "created_at", "updated_at") VALUES (?, ?, ?, ?)[0m  [["key", "environment"], ["value", "development"], ["created_at", "2022-11-30 13:04:23.368532"], ["updated_at", "2022-11-30 13:04:23.368532"]]
  [1m[36mTRANSACTION (14.2ms)[0m  [1m[36mcommit transaction[0m
  [1m[35m (0.1ms)[0m  [1m[34mSELECT sqlite_version(*)[0m
  [1m[35m (2.1ms)[0m  [1m[34mSELECT "schema_migrations"."version" FROM "schema_migrations" ORDER BY "schema_migrations"."version" ASC[0m
  [1m[35m (1.4ms)[0m  [1m[34mSELECT sqlite_version(*)[0m
  [1m[35m (2.2ms)[0m  [1m[34mSELECT "schema_migrations"."version" FROM "schema_migrations" ORDER BY "schema_migrations"."version" ASC[0m
  [1m[35m (0.1ms)[0m  [1m[34mSELECT sqlite_version(*)[0m
  [1m[36mDepartment Load (2.3ms)[0m  [1m[34mSELECT "departments".* FROM "departments" WHERE "departments"."id" = ? AND "departments"."name" = ? LIMIT ?[0m  [["id", 1], ["name", "総務部"], ["LIMIT", 1]]
  [1m[36mTRANSACTION (0.0ms)[0m  [1m[36mbegin transaction[0m
  [1m[36mDepartment Create (18.6ms)[0m  [1m[32mINSERT INTO "departments" ("id", "name", "created_at", "updated_at") VALUES (?, ?, ?, ?)[0m  [["id", 1], ["name", "総務部"], ["created_at", "2022-11-30 13:04:30.933463"], ["updated_at", "2022-11-30 13:04:30.933463"]]
  [1m[36mTRANSACTION (10.7ms)[0m  [1m[36mcommit transaction[0m
  [1m[36mDepartment Load (5.2ms)[0m  [1m[34mSELECT "departments".* FROM "departments" WHERE "departments"."id" = ? AND "departments"."name" = ? LIMIT ?[0m  [["id", 2], ["name", "技術部"], ["LIMIT", 1]]
  [1m[36mTRANSACTION (0.1ms)[0m  [1m[36mbegin transaction[0m
  [1m[36mDepartment Create (16.6ms)[0m  [1m[32mINSERT INTO "departments" ("id", "name", "created_at", "updated_at") VALUES (?, ?, ?, ?)[0m  [["id", 2], ["name", "技術部"], ["created_at", "2022-11-30 13:04:30.982790"], ["updated_at", "2022-11-30 13:04:30.982790"]]
  [1m[36mTRANSACTION (13.4ms)[0m  [1m[36mcommit transaction[0m
  [1m[36mDepartment Load (4.4ms)[0m  [1m[34mSELECT "departments".* FROM "departments" WHERE "departments"."id" = ? AND "departments"."name" = ? LIMIT ?[0m  [["id", 3], ["name", "営業部"], ["LIMIT", 1]]
  [1m[36mTRANSACTION (0.0ms)[0m  [1m[36mbegin transaction[0m
  [1m[36mDepartment Create (16.2ms)[0m  [1m[32mINSERT INTO "departments" ("id", "name", "created_at", "updated_at") VALUES (?, ?, ?, ?)[0m  [["id", 3], ["name", "営業部"], ["created_at", "2022-11-30 13:04:31.025808"], ["updated_at", "2022-11-30 13:04:31.025808"]]
  [1m[36mTRANSACTION (11.6ms)[0m  [1m[36mcommit transaction[0m
  [1m[36mOffice Load (4.4ms)[0m  [1m[34mSELECT "offices".* FROM "offices" WHERE "offices"."id" = ? AND "offices"."name" = ? LIMIT ?[0m  [["id", 1], ["name", "東京"], ["LIMIT", 1]]
  [1m[36mTRANSACTION (0.1ms)[0m  [1m[36mbegin transaction[0m
  [1m[36mOffice Create (20.8ms)[0m  [1m[32mINSERT INTO "offices" ("id", "name", "created_at", "updated_at") VALUES (?, ?, ?, ?)[0m  [["id", 1], ["name", "東京"], ["created_at", "2022-11-30 13:04:31.104489"], ["updated_at", "2022-11-30 13:04:31.104489"]]
  [1m[36mTRANSACTION (17.5ms)[0m  [1m[36mcommit transaction[0m
  [1m[36mOffice Load (5.7ms)[0m  [1m[34mSELECT "offices".* FROM "offices" WHERE "offices"."id" = ? AND "offices"."name" = ? LIMIT ?[0m  [["id", 2], ["name", "仙台"], ["LIMIT", 1]]
  [1m[36mTRANSACTION (0.1ms)[0m  [1m[36mbegin transaction[0m
  [1m[36mOffice Create (20.2ms)[0m  [1m[32mINSERT INTO "offices" ("id", "name", "created_at", "updated_at") VALUES (?, ?, ?, ?)[0m  [["id", 2], ["name", "仙台"], ["created_at", "2022-11-30 13:04:31.159674"], ["updated_at", "2022-11-30 13:04:31.159674"]]
  [1m[36mTRANSACTION (19.8ms)[0m  [1m[36mcommit transaction[0m
  [1m[36mOffice Load (4.1ms)[0m  [1m[34mSELECT "offices".* FROM "offices" WHERE "offices"."id" = ? AND "offices"."name" = ? LIMIT ?[0m  [["id", 3], ["name", "大阪"], ["LIMIT", 1]]
  [1m[36mTRANSACTION (0.0ms)[0m  [1m[36mbegin transaction[0m
  [1m[36mOffice Create (16.7ms)[0m  [1m[32mINSERT INTO "offices" ("id", "name", "created_at", "updated_at") VALUES (?, ?, ?, ?)[0m  [["id", 3], ["name", "大阪"], ["created_at", "2022-11-30 13:04:31.212876"], ["updated_at", "2022-11-30 13:04:31.212876"]]
  [1m[36mTRANSACTION (12.4ms)[0m  [1m[36mcommit transaction[0m
  [1m[36mOffice Load (5.2ms)[0m  [1m[34mSELECT "offices".* FROM "offices" WHERE "offices"."id" = ? AND "offices"."name" = ? LIMIT ?[0m  [["id", 4], ["name", "福岡"], ["LIMIT", 1]]
  [1m[36mTRANSACTION (0.0ms)[0m  [1m[36mbegin transaction[0m
  [1m[36mOffice Create (15.3ms)[0m  [1m[32mINSERT INTO "offices" ("id", "name", "created_at", "updated_at") VALUES (?, ?, ?, ?)[0m  [["id", 4], ["name", "福岡"], ["created_at", "2022-11-30 13:04:31.256584"], ["updated_at", "2022-11-30 13:04:31.256584"]]
  [1m[36mTRANSACTION (11.0ms)[0m  [1m[36mcommit transaction[0m
  [1m[36mOffice Load (4.6ms)[0m  [1m[34mSELECT "offices".* FROM "offices" WHERE "offices"."id" = ? AND "offices"."name" = ? LIMIT ?[0m  [["id", 5], ["name", "大分"], ["LIMIT", 1]]
  [1m[36mTRANSACTION (0.0ms)[0m  [1m[36mbegin transaction[0m
  [1m[36mOffice Create (16.0ms)[0m  [1m[32mINSERT INTO "offices" ("id", "name", "created_at", "updated_at") VALUES (?, ?, ?, ?)[0m  [["id", 5], ["name", "大分"], ["created_at", "2022-11-30 13:04:31.296458"], ["updated_at", "2022-11-30 13:04:31.296458"]]
  [1m[36mTRANSACTION (11.7ms)[0m  [1m[36mcommit transaction[0m
  [1m[36mDepartment Load (3.8ms)[0m  [1m[34mSELECT "departments".* FROM "departments" WHERE "departments"."name" = ? LIMIT ?[0m  [["name", "総務部"], ["LIMIT", 1]]
  [1m[36mOffice Load (1.8ms)[0m  [1m[34mSELECT "offices".* FROM "offices" WHERE "offices"."name" = ? LIMIT ?[0m  [["name", "東京"], ["LIMIT", 1]]
  [1m[36mEmployee Load (3.2ms)[0m  [1m[34mSELECT "employees".* FROM "employees" WHERE "employees"."id" = ? AND "employees"."department_id" = ? AND "employees"."office_id" = ? AND "employees"."number" = ? AND "employees"."last_name" = ? AND "employees"."first_name" = ? AND "employees"."account" = ? AND "employees"."password" = ? AND "employees"."email" = ? AND "employees"."date_of_joining" = ? AND "employees"."employee_info_manage_auth" = ? LIMIT ?[0m  [["id", 1], ["department_id", 1], ["office_id", 1], ["number", "1"], ["last_name", "山田"], ["first_name", "太郎"], ["account", "yamada"], ["password", "hogehoge"], ["email", "yamada@example.co.jp"], ["date_of_joining", "1991-04-01"], ["employee_info_manage_auth", 1], ["LIMIT", 1]]
  [1m[36mTRANSACTION (0.1ms)[0m  [1m[36mbegin transaction[0m
  [1m[36mOffice Load (1.8ms)[0m  [1m[34mSELECT "offices".* FROM "offices" WHERE "offices"."id" = ? LIMIT ?[0m  [["id", 1], ["LIMIT", 1]]
  [1m[36mDepartment Load (0.1ms)[0m  [1m[34mSELECT "departments".* FROM "departments" WHERE "departments"."id" = ? LIMIT ?[0m  [["id", 1], ["LIMIT", 1]]
  [1m[36mEmployee Exists? (0.1ms)[0m  [1m[34mSELECT 1 AS one FROM "employees" WHERE "employees"."number" = ? LIMIT ?[0m  [["number", "1"], ["LIMIT", 1]]
  [1m[36mEmployee Exists? (0.1ms)[0m  [1m[34mSELECT 1 AS one FROM "employees" WHERE "employees"."account" = ? LIMIT ?[0m  [["account", "yamada"], ["LIMIT", 1]]
  [1m[36mEmployee Create (19.9ms)[0m  [1m[32mINSERT INTO "employees" ("id", "department_id", "office_id", "number", "last_name", "first_name", "account", "password", "email", "date_of_joining", "employee_info_manage_auth", "created_at", "updated_at") VALUES (?, ?, ?, ?, ?, ?, ?, ?, ?, ?, ?, ?, ?)[0m  [["id", 1], ["department_id", 1], ["office_id", 1], ["number", "1"], ["last_name", "山田"], ["first_name", "太郎"], ["account", "yamada"], ["password", "hogehoge"], ["email", "yamada@example.co.jp"], ["date_of_joining", "1991-04-01"], ["employee_info_manage_auth", 1], ["created_at", "2022-11-30 13:04:31.486448"], ["updated_at", "2022-11-30 13:04:31.486448"]]
  [1m[36mTRANSACTION (13.9ms)[0m  [1m[36mcommit transaction[0m
Started GET "/" for 172.19.0.1 at 2022-11-30 13:04:50 +0000
Cannot render console from 172.19.0.1! Allowed networks: 127.0.0.0/127.255.255.255, ::1
  [1m[35m (0.2ms)[0m  [1m[34mSELECT sqlite_version(*)[0m
  [1m[35m (2.8ms)[0m  [1m[34mSELECT "schema_migrations"."version" FROM "schema_migrations" ORDER BY "schema_migrations"."version" ASC[0m
Processing by EmployeesController#index as HTML
  [1m[36mEmployee Load (5.2ms)[0m  [1m[34mSELECT "employees".* FROM "employees" WHERE "employees"."id" IS NULL LIMIT ?[0m  [["LIMIT", 1]]
  ↳ app/helpers/sessions_helper.rb:7:in `current_user'
Redirected to http://localhost:3000/login
Filter chain halted as :user_logged_in? rendered or redirected
Completed 302 Found in 88ms (ActiveRecord: 9.0ms | Allocations: 7412)


Started GET "/login" for 172.19.0.1 at 2022-11-30 13:04:51 +0000
Cannot render console from 172.19.0.1! Allowed networks: 127.0.0.0/127.255.255.255, ::1
Processing by SessionsController#new as HTML
  [1m[36mEmployee Load (2.7ms)[0m  [1m[34mSELECT "employees".* FROM "employees" WHERE "employees"."id" IS NULL LIMIT ?[0m  [["LIMIT", 1]]
  ↳ app/helpers/sessions_helper.rb:7:in `current_user'
  Rendering layout layouts/application.html.erb
  Rendering sessions/new.html.erb within layouts/application
  Rendered sessions/new.html.erb within layouts/application (Duration: 185.8ms | Allocations: 5266)
[Webpacker] Compiling...
[Webpacker] Compilation failed:
Browserslist: caniuse-lite is outdated. Please run:
  npx browserslist@latest --update-db
  Why you should do it regularly: https://github.com/browserslist/browserslist#browsers-data-updating
node:internal/crypto/hash:71
  this[kHandle] = new _Hash(algorithm, xofLen);
                  ^

Error: error:0308010C:digital envelope routines::unsupported
    at new Hash (node:internal/crypto/hash:71:19)
    at Object.createHash (node:crypto:133:10)
    at module.exports (/news_and_employee_introduction/node_modules/webpack/lib/util/createHash.js:135:53)
    at NormalModule._initBuildHash (/news_and_employee_introduction/node_modules/webpack/lib/NormalModule.js:417:16)
    at /news_and_employee_introduction/node_modules/webpack/lib/NormalModule.js:452:10
    at /news_and_employee_introduction/node_modules/webpack/lib/NormalModule.js:323:13
    at /news_and_employee_introduction/node_modules/loader-runner/lib/LoaderRunner.js:367:11
    at /news_and_employee_introduction/node_modules/loader-runner/lib/LoaderRunner.js:233:18
    at context.callback (/news_and_employee_introduction/node_modules/loader-runner/lib/LoaderRunner.js:111:13)
    at /news_and_employee_introduction/node_modules/babel-loader/lib/index.js:59:103 {
  opensslErrorStack: [ 'error:03000086:digital envelope routines::initialization error' ],
  library: 'digital envelope routines',
  reason: 'unsupported',
  code: 'ERR_OSSL_EVP_UNSUPPORTED'
}

Node.js v18.12.1

  Rendered layout layouts/application.html.erb (Duration: 14061.3ms | Allocations: 29621)
Completed 500 Internal Server Error in 14076ms (ActiveRecord: 2.7ms | Allocations: 31848)


  
ActionView::Template::Error (Webpacker can't find application.js in /news_and_employee_introduction/public/packs/manifest.json. Possible causes:
1. You want to set webpacker.yml value of compile to true for your environment
   unless you are using the `webpack -w` or the webpack-dev-server.
2. webpack has not yet re-run to reflect updates.
3. You have misconfigured Webpacker's config/webpacker.yml file.
4. Your webpack configuration is not creating a manifest.
Your manifest contains:
{
}
):
     7:     <%= csp_meta_tag %>
     8: 
     9:     <%= stylesheet_link_tag 'application', media: 'all' %>
    10:     <%= javascript_pack_tag 'application' %>
    11:   </head>
    12:   <body>
    13:     <% if logged_in? %>
  
app/views/layouts/application.html.erb:10
Started GET "/" for 172.21.0.1 at 2022-11-30 13:05:39 +0000
Cannot render console from 172.21.0.1! Allowed networks: 127.0.0.0/127.255.255.255, ::1
  [1m[35m (4.1ms)[0m  [1m[34mSELECT sqlite_version(*)[0m
  [1m[35m (4.1ms)[0m  [1m[34mSELECT "schema_migrations"."version" FROM "schema_migrations" ORDER BY "schema_migrations"."version" ASC[0m
Processing by EmployeesController#index as HTML
  [1m[36mEmployee Load (3.4ms)[0m  [1m[34mSELECT "employees".* FROM "employees" WHERE "employees"."id" IS NULL LIMIT ?[0m  [["LIMIT", 1]]
  ↳ app/helpers/sessions_helper.rb:7:in `current_user'
Redirected to http://localhost:3000/login
Filter chain halted as :user_logged_in? rendered or redirected
Completed 302 Found in 109ms (ActiveRecord: 8.2ms | Allocations: 6945)


Started GET "/login" for 172.21.0.1 at 2022-11-30 13:05:39 +0000
Cannot render console from 172.21.0.1! Allowed networks: 127.0.0.0/127.255.255.255, ::1
Processing by SessionsController#new as HTML
  [1m[36mEmployee Load (3.6ms)[0m  [1m[34mSELECT "employees".* FROM "employees" WHERE "employees"."id" IS NULL LIMIT ?[0m  [["LIMIT", 1]]
  ↳ app/helpers/sessions_helper.rb:7:in `current_user'
  Rendering layout layouts/application.html.erb
  Rendering sessions/new.html.erb within layouts/application
  Rendered sessions/new.html.erb within layouts/application (Duration: 49.4ms | Allocations: 3064)
  Rendered layout layouts/application.html.erb (Duration: 215.0ms | Allocations: 9692)
Completed 500 Internal Server Error in 251ms (ActiveRecord: 3.6ms | Allocations: 12785)


  
ActionView::Template::Error (Webpacker can't find application.js in /news_and_employee_introduction/public/packs/manifest.json. Possible causes:
1. You want to set webpacker.yml value of compile to true for your environment
   unless you are using the `webpack -w` or the webpack-dev-server.
2. webpack has not yet re-run to reflect updates.
3. You have misconfigured Webpacker's config/webpacker.yml file.
4. Your webpack configuration is not creating a manifest.
Your manifest contains:
{
}
):
     7:     <%= csp_meta_tag %>
     8: 
     9:     <%= stylesheet_link_tag 'application', media: 'all' %>
    10:     <%= javascript_pack_tag 'application' %>
    11:   </head>
    12:   <body>
    13:     <% if logged_in? %>
  
app/views/layouts/application.html.erb:10
Started GET "/login" for 172.21.0.1 at 2022-11-30 13:36:10 +0000
Cannot render console from 172.21.0.1! Allowed networks: 127.0.0.0/127.255.255.255, ::1
Processing by SessionsController#new as HTML
  [1m[35m (1.4ms)[0m  [1m[34mSELECT sqlite_version(*)[0m
  ↳ app/helpers/sessions_helper.rb:7:in `current_user'
  [1m[36mEmployee Load (4.7ms)[0m  [1m[34mSELECT "employees".* FROM "employees" WHERE "employees"."id" IS NULL LIMIT ?[0m  [["LIMIT", 1]]
  ↳ app/helpers/sessions_helper.rb:7:in `current_user'
  Rendering layout layouts/application.html.erb
  Rendering sessions/new.html.erb within layouts/application
  Rendered sessions/new.html.erb within layouts/application (Duration: 22.0ms | Allocations: 533)
[Webpacker] Compiling...
[Webpacker] Compilation failed:
/news_and_employee_introduction/node_modules/webpack-cli/bin/cli.js:93
				throw err;
				^

Error: Cannot find module 'array-unique'
Require stack:
- /news_and_employee_introduction/node_modules/braces/index.js
- /news_and_employee_introduction/node_modules/micromatch/index.js
- /news_and_employee_introduction/node_modules/findup-sync/index.js
- /news_and_employee_introduction/node_modules/webpack-cli/bin/utils/convert-argv.js
- /news_and_employee_introduction/node_modules/webpack-cli/bin/cli.js
- /news_and_employee_introduction/node_modules/webpack/bin/webpack.js
    at Module._resolveFilename (node:internal/modules/cjs/loader:995:15)
    at Module._load (node:internal/modules/cjs/loader:841:27)
    at Module.require (node:internal/modules/cjs/loader:1061:19)
    at require (/news_and_employee_introduction/node_modules/v8-compile-cache/v8-compile-cache.js:159:20)
    at Object.<anonymous> (/news_and_employee_introduction/node_modules/braces/index.js:8:14)
    at Module._compile (/news_and_employee_introduction/node_modules/v8-compile-cache/v8-compile-cache.js:192:30)
    at Module._extensions..js (node:internal/modules/cjs/loader:1213:10)
    at Module.load (node:internal/modules/cjs/loader:1037:32)
    at Module._load (node:internal/modules/cjs/loader:878:12)
    at Module.require (node:internal/modules/cjs/loader:1061:19)
    at require (/news_and_employee_introduction/node_modules/v8-compile-cache/v8-compile-cache.js:159:20)
    at Object.<anonymous> (/news_and_employee_introduction/node_modules/micromatch/index.js:8:14)
    at Module._compile (/news_and_employee_introduction/node_modules/v8-compile-cache/v8-compile-cache.js:192:30)
    at Module._extensions..js (node:internal/modules/cjs/loader:1213:10)
    at Module.load (node:internal/modules/cjs/loader:1037:32)
    at Module._load (node:internal/modules/cjs/loader:878:12)
    at Module.require (node:internal/modules/cjs/loader:1061:19)
    at require (/news_and_employee_introduction/node_modules/v8-compile-cache/v8-compile-cache.js:159:20)
    at Object.<anonymous> (/news_and_employee_introduction/node_modules/findup-sync/index.js:12:10)
    at Module._compile (/news_and_employee_introduction/node_modules/v8-compile-cache/v8-compile-cache.js:192:30)
    at Module._extensions..js (node:internal/modules/cjs/loader:1213:10)
    at Module.load (node:internal/modules/cjs/loader:1037:32)
    at Module._load (node:internal/modules/cjs/loader:878:12)
    at Module.require (node:internal/modules/cjs/loader:1061:19)
    at require (/news_and_employee_introduction/node_modules/v8-compile-cache/v8-compile-cache.js:159:20)
    at Object.<anonymous> (/news_and_employee_introduction/node_modules/webpack-cli/bin/utils/convert-argv.js:6:16)
    at Module._compile (/news_and_employee_introduction/node_modules/v8-compile-cache/v8-compile-cache.js:192:30)
    at Module._extensions..js (node:internal/modules/cjs/loader:1213:10)
    at Module.load (node:internal/modules/cjs/loader:1037:32)
    at Module._load (node:internal/modules/cjs/loader:878:12) {
  code: 'MODULE_NOT_FOUND',
  requireStack: [
    '/news_and_employee_introduction/node_modules/braces/index.js',
    '/news_and_employee_introduction/node_modules/micromatch/index.js',
    '/news_and_employee_introduction/node_modules/findup-sync/index.js',
    '/news_and_employee_introduction/node_modules/webpack-cli/bin/utils/convert-argv.js',
    '/news_and_employee_introduction/node_modules/webpack-cli/bin/cli.js',
    '/news_and_employee_introduction/node_modules/webpack/bin/webpack.js'
  ]
}

Node.js v18.12.1

  Rendered layout layouts/application.html.erb (Duration: 4150.4ms | Allocations: 5177)
Completed 500 Internal Server Error in 4228ms (ActiveRecord: 19.6ms | Allocations: 7163)


  
ActionView::Template::Error (Webpacker can't find application.js in /news_and_employee_introduction/public/packs/manifest.json. Possible causes:
1. You want to set webpacker.yml value of compile to true for your environment
   unless you are using the `webpack -w` or the webpack-dev-server.
2. webpack has not yet re-run to reflect updates.
3. You have misconfigured Webpacker's config/webpacker.yml file.
4. Your webpack configuration is not creating a manifest.
Your manifest contains:
{
}
):
     7:     <%= csp_meta_tag %>
     8: 
     9:     <%= stylesheet_link_tag 'application', media: 'all' %>
    10:     <%= javascript_pack_tag 'application' %>
    11:   </head>
    12:   <body>
    13:     <% if logged_in? %>
  
app/views/layouts/application.html.erb:10
Started GET "/" for 172.21.0.1 at 2022-11-30 14:08:02 +0000
Cannot render console from 172.21.0.1! Allowed networks: 127.0.0.0/127.255.255.255, ::1
Processing by EmployeesController#index as HTML
  [1m[35m (0.8ms)[0m  [1m[34mSELECT sqlite_version(*)[0m
  ↳ app/helpers/sessions_helper.rb:7:in `current_user'
  [1m[36mEmployee Load (4.2ms)[0m  [1m[34mSELECT "employees".* FROM "employees" WHERE "employees"."id" IS NULL LIMIT ?[0m  [["LIMIT", 1]]
  ↳ app/helpers/sessions_helper.rb:7:in `current_user'
Redirected to http://localhost:3000/login
Filter chain halted as :user_logged_in? rendered or redirected
Completed 302 Found in 43ms (ActiveRecord: 12.1ms | Allocations: 1638)


Started GET "/login" for 172.21.0.1 at 2022-11-30 14:08:02 +0000
Cannot render console from 172.21.0.1! Allowed networks: 127.0.0.0/127.255.255.255, ::1
Processing by SessionsController#new as HTML
  [1m[36mEmployee Load (2.6ms)[0m  [1m[34mSELECT "employees".* FROM "employees" WHERE "employees"."id" IS NULL LIMIT ?[0m  [["LIMIT", 1]]
  ↳ app/helpers/sessions_helper.rb:7:in `current_user'
  Rendering layout layouts/application.html.erb
  Rendering sessions/new.html.erb within layouts/application
  Rendered sessions/new.html.erb within layouts/application (Duration: 3.9ms | Allocations: 458)
[Webpacker] Compiling...
[Webpacker] Compilation failed:
node:internal/crypto/hash:71
  this[kHandle] = new _Hash(algorithm, xofLen);
                  ^

Error: error:0308010C:digital envelope routines::unsupported
    at new Hash (node:internal/crypto/hash:71:19)
    at Object.createHash (node:crypto:133:10)
    at module.exports (/news_and_employee_introduction/node_modules/webpack/lib/util/createHash.js:135:53)
    at NormalModule._initBuildHash (/news_and_employee_introduction/node_modules/webpack/lib/NormalModule.js:417:16)
    at /news_and_employee_introduction/node_modules/webpack/lib/NormalModule.js:452:10
    at /news_and_employee_introduction/node_modules/webpack/lib/NormalModule.js:323:13
    at /news_and_employee_introduction/node_modules/loader-runner/lib/LoaderRunner.js:367:11
    at /news_and_employee_introduction/node_modules/loader-runner/lib/LoaderRunner.js:233:18
    at context.callback (/news_and_employee_introduction/node_modules/loader-runner/lib/LoaderRunner.js:111:13)
    at /news_and_employee_introduction/node_modules/babel-loader/lib/index.js:59:103 {
  opensslErrorStack: [ 'error:03000086:digital envelope routines::initialization error' ],
  library: 'digital envelope routines',
  reason: 'unsupported',
  code: 'ERR_OSSL_EVP_UNSUPPORTED'
}

Node.js v18.12.1

  Rendered layout layouts/application.html.erb (Duration: 12764.7ms | Allocations: 4855)
Completed 500 Internal Server Error in 12781ms (ActiveRecord: 2.6ms | Allocations: 5876)


  
ActionView::Template::Error (Webpacker can't find application.js in /news_and_employee_introduction/public/packs/manifest.json. Possible causes:
1. You want to set webpacker.yml value of compile to true for your environment
   unless you are using the `webpack -w` or the webpack-dev-server.
2. webpack has not yet re-run to reflect updates.
3. You have misconfigured Webpacker's config/webpacker.yml file.
4. Your webpack configuration is not creating a manifest.
Your manifest contains:
{
}
):
     7:     <%= csp_meta_tag %>
     8: 
     9:     <%= stylesheet_link_tag 'application', media: 'all' %>
    10:     <%= javascript_pack_tag 'application' %>
    11:   </head>
    12:   <body>
    13:     <% if logged_in? %>
  
app/views/layouts/application.html.erb:10
Started GET "/" for 172.22.0.1 at 2022-11-30 23:30:45 +0000
Cannot render console from 172.22.0.1! Allowed networks: 127.0.0.0/127.255.255.255, ::1
  [1m[35m (25.5ms)[0m  [1m[34mSELECT sqlite_version(*)[0m
  [1m[35m (3.0ms)[0m  [1m[34mSELECT "schema_migrations"."version" FROM "schema_migrations" ORDER BY "schema_migrations"."version" ASC[0m
Processing by EmployeesController#index as HTML
  [1m[36mEmployee Load (3.5ms)[0m  [1m[34mSELECT "employees".* FROM "employees" WHERE "employees"."id" IS NULL LIMIT ?[0m  [["LIMIT", 1]]
  ↳ app/helpers/sessions_helper.rb:7:in `current_user'
Redirected to http://localhost:3000/login
Filter chain halted as :user_logged_in? rendered or redirected
Completed 302 Found in 146ms (ActiveRecord: 7.3ms | Allocations: 8134)


Started GET "/login" for 172.22.0.1 at 2022-11-30 23:30:46 +0000
Cannot render console from 172.22.0.1! Allowed networks: 127.0.0.0/127.255.255.255, ::1
Processing by SessionsController#new as HTML
  [1m[36mEmployee Load (2.9ms)[0m  [1m[34mSELECT "employees".* FROM "employees" WHERE "employees"."id" IS NULL LIMIT ?[0m  [["LIMIT", 1]]
  ↳ app/helpers/sessions_helper.rb:7:in `current_user'
  Rendering layout layouts/application.html.erb
  Rendering sessions/new.html.erb within layouts/application
  Rendered sessions/new.html.erb within layouts/application (Duration: 137.0ms | Allocations: 5216)
  [1m[36mCACHE Employee Load (0.1ms)[0m  [1m[34mSELECT "employees".* FROM "employees" WHERE "employees"."id" IS NULL LIMIT ?[0m  [["LIMIT", 1]]
  ↳ app/helpers/sessions_helper.rb:7:in `current_user'
  Rendered layout layouts/application.html.erb (Duration: 328.2ms | Allocations: 11559)
Completed 200 OK in 423ms (Views: 376.2ms | ActiveRecord: 3.0ms | Allocations: 15305)


